<?xml version="1.0" encoding="UTF-8"?>
<coverage generated="1779809142552" clover="3.2.0">
  <project timestamp="1779809142552" name="All files">
    <metrics statements="72" coveredstatements="72" conditionals="46" coveredconditionals="45" methods="27" coveredmethods="27" elements="145" coveredelements="144" complexity="0" loc="72" ncloc="72" packages="1" files="6" classes="6"/>
    <file name="mathBasics.js" path="C:\Users\adria\OneDrive\Desktop\ejercicios testing\src\mathBasics.js">
      <metrics statements="6" coveredstatements="6" conditionals="6" coveredconditionals="6" methods="2" coveredmethods="2"/>
      <line num="3" count="5" type="cond" truecount="4" falsecount="0"/>
      <line num="4" count="2" type="stmt"/>
      <line num="6" count="3" type="stmt"/>
      <line num="11" count="4" type="cond" truecount="2" falsecount="0"/>
      <line num="12" count="2" type="stmt"/>
      <line num="15" count="1" type="stmt"/>
    </file>
    <file name="numberUtils.js" path="C:\Users\adria\OneDrive\Desktop\ejercicios testing\src\numberUtils.js">
      <metrics statements="17" coveredstatements="17" conditionals="14" coveredconditionals="14" methods="3" coveredmethods="3"/>
      <line num="3" count="6" type="cond" truecount="4" falsecount="0"/>
      <line num="4" count="2" type="stmt"/>
      <line num="6" count="4" type="cond" truecount="2" falsecount="0"/>
      <line num="7" count="1" type="stmt"/>
      <line num="9" count="3" type="cond" truecount="2" falsecount="0"/>
      <line num="10" count="2" type="stmt"/>
      <line num="11" count="2" type="stmt"/>
      <line num="12" count="6" type="stmt"/>
      <line num="14" count="2" type="stmt"/>
      <line num="19" count="6" type="cond" truecount="2" falsecount="0"/>
      <line num="20" count="3" type="stmt"/>
      <line num="21" count="3" type="cond" truecount="2" falsecount="0"/>
      <line num="23" count="2" type="stmt"/>
      <line num="28" count="7" type="cond" truecount="2" falsecount="0"/>
      <line num="29" count="1" type="stmt"/>
      <line num="31" count="6" type="stmt"/>
      <line num="34" count="1" type="stmt"/>
    </file>
    <file name="stack.js" path="C:\Users\adria\OneDrive\Desktop\ejercicios testing\src\stack.js">
      <metrics statements="9" coveredstatements="9" conditionals="4" coveredconditionals="3" methods="6" coveredmethods="6"/>
      <line num="3" count="5" type="stmt"/>
      <line num="7" count="5" type="stmt"/>
      <line num="11" count="2" type="cond" truecount="2" falsecount="0"/>
      <line num="12" count="1" type="stmt"/>
      <line num="16" count="1" type="cond" truecount="1" falsecount="1"/>
      <line num="17" count="1" type="stmt"/>
      <line num="21" count="4" type="stmt"/>
      <line num="25" count="4" type="stmt"/>
      <line num="29" count="1" type="stmt"/>
    </file>
    <file name="stringProcessor.js" path="C:\Users\adria\OneDrive\Desktop\ejercicios testing\src\stringProcessor.js">
      <metrics statements="12" coveredstatements="12" conditionals="8" coveredconditionals="8" methods="3" coveredmethods="3"/>
      <line num="3" count="5" type="cond" truecount="2" falsecount="0"/>
      <line num="4" count="2" type="stmt"/>
      <line num="6" count="3" type="stmt"/>
      <line num="7" count="3" type="cond" truecount="2" falsecount="0"/>
      <line num="8" count="1" type="stmt"/>
      <line num="10" count="2" type="stmt"/>
      <line num="11" count="2" type="stmt"/>
      <line num="16" count="5" type="cond" truecount="2" falsecount="0"/>
      <line num="17" count="3" type="stmt"/>
      <line num="22" count="4" type="stmt"/>
      <line num="23" count="4" type="cond" truecount="2" falsecount="0"/>
      <line num="26" count="1" type="stmt"/>
    </file>
    <file name="taskManager.js" path="C:\Users\adria\OneDrive\Desktop\ejercicios testing\src\taskManager.js">
      <metrics statements="17" coveredstatements="17" conditionals="8" coveredconditionals="8" methods="11" coveredmethods="11"/>
      <line num="3" count="16" type="stmt"/>
      <line num="4" count="16" type="stmt"/>
      <line num="8" count="18" type="cond" truecount="4" falsecount="0"/>
      <line num="9" count="2" type="stmt"/>
      <line num="11" count="16" type="stmt"/>
      <line num="17" count="16" type="stmt"/>
      <line num="18" count="16" type="stmt"/>
      <line num="22" count="7" type="stmt"/>
      <line num="23" count="7" type="cond" truecount="2" falsecount="0"/>
      <line num="24" count="6" type="stmt"/>
      <line num="28" count="2" type="stmt"/>
      <line num="29" count="2" type="cond" truecount="2" falsecount="0"/>
      <line num="30" count="1" type="stmt"/>
      <line num="34" count="3" type="stmt"/>
      <line num="38" count="3" type="stmt"/>
      <line num="42" count="6" type="stmt"/>
      <line num="46" count="1" type="stmt"/>
    </file>
    <file name="textBasics.js" path="C:\Users\adria\OneDrive\Desktop\ejercicios testing\src\textBasics.js">
      <metrics statements="11" coveredstatements="11" conditionals="6" coveredconditionals="6" methods="2" coveredmethods="2"/>
      <line num="3" count="5" type="cond" truecount="2" falsecount="0"/>
      <line num="4" count="4" type="cond" truecount="2" falsecount="0"/>
      <line num="5" count="2" type="stmt"/>
      <line num="10" count="3" type="cond" truecount="2" falsecount="0"/>
      <line num="11" count="2" type="stmt"/>
      <line num="12" count="2" type="stmt"/>
      <line num="13" count="2" type="stmt"/>
      <line num="14" count="3" type="stmt"/>
      <line num="15" count="3" type="stmt"/>
      <line num="17" count="2" type="stmt"/>
      <line num="20" count="1" type="stmt"/>
    </file>
  </project>
</coverage>
