TN:
SF:src\mathBasics.js
FN:2,isEven
FN:10,safeSquareRoot
FNF:2
FNH:2
FNDA:5,isEven
FNDA:4,safeSquareRoot
DA:3,5
DA:4,2
DA:6,3
DA:11,4
DA:12,2
DA:15,1
LF:6
LH:6
BRDA:3,0,0,2
BRDA:3,0,1,3
BRDA:3,1,0,5
BRDA:3,1,1,4
BRDA:11,2,0,2
BRDA:11,2,1,2
BRF:6
BRH:6
end_of_record
TN:
SF:src\numberUtils.js
FN:2,factorial
FN:18,isPrime
FN:27,clamp
FNF:3
FNH:3
FNDA:6,factorial
FNDA:6,isPrime
FNDA:7,clamp
DA:3,6
DA:4,2
DA:6,4
DA:7,1
DA:9,3
DA:10,2
DA:11,2
DA:12,6
DA:14,2
DA:19,6
DA:20,3
DA:21,3
DA:23,2
DA:28,7
DA:29,1
DA:31,6
DA:34,1
LF:17
LH:17
BRDA:3,0,0,2
BRDA:3,0,1,4
BRDA:3,1,0,6
BRDA:3,1,1,5
BRDA:6,2,0,1
BRDA:6,2,1,3
BRDA:9,3,0,1
BRDA:9,3,1,2
BRDA:19,4,0,3
BRDA:19,4,1,3
BRDA:21,5,0,1
BRDA:21,5,1,2
BRDA:28,6,0,1
BRDA:28,6,1,6
BRF:14
BRH:14
end_of_record
TN:
SF:src\productService.js
FN:2,(anonymous_0)
FN:6,(anonymous_1)
FN:12,(anonymous_2)
FN:14,(anonymous_3)
FN:17,(anonymous_4)
FN:22,(anonymous_5)
FN:27,(anonymous_6)
FNF:7
FNH:7
FNDA:15,(anonymous_0)
FNDA:3,(anonymous_1)
FNDA:2,(anonymous_2)
FNDA:4,(anonymous_3)
FNDA:4,(anonymous_4)
FNDA:5,(anonymous_5)
FNDA:6,(anonymous_6)
DA:3,15
DA:7,3
DA:8,3
DA:9,2
DA:13,2
DA:14,4
DA:18,4
DA:19,2
DA:21,2
DA:22,2
DA:23,5
DA:28,6
DA:29,3
DA:31,3
DA:32,0
DA:34,3
DA:35,2
DA:37,1
DA:38,1
DA:42,1
LF:20
LH:19
BRDA:8,0,0,1
BRDA:8,0,1,2
BRDA:18,1,0,2
BRDA:18,1,1,2
BRDA:18,2,0,4
BRDA:18,2,1,3
BRDA:28,3,0,3
BRDA:28,3,1,3
BRDA:28,4,0,6
BRDA:28,4,1,3
BRDA:31,5,0,0
BRDA:31,5,1,3
BRDA:31,6,0,3
BRDA:31,6,1,3
BRDA:34,7,0,2
BRDA:34,7,1,1
BRF:16
BRH:15
end_of_record
TN:
SF:src\stack.js
FN:2,(anonymous_0)
FN:6,(anonymous_1)
FN:10,(anonymous_2)
FN:15,(anonymous_3)
FN:20,(anonymous_4)
FN:24,(anonymous_5)
FNF:6
FNH:6
FNDA:5,(anonymous_0)
FNDA:5,(anonymous_1)
FNDA:2,(anonymous_2)
FNDA:1,(anonymous_3)
FNDA:4,(anonymous_4)
FNDA:4,(anonymous_5)
DA:3,5
DA:7,5
DA:11,2
DA:12,1
DA:16,1
DA:17,1
DA:21,4
DA:25,4
DA:29,1
LF:9
LH:9
BRDA:11,0,0,1
BRDA:11,0,1,1
BRDA:16,1,0,0
BRDA:16,1,1,1
BRF:4
BRH:3
end_of_record
TN:
SF:src\stringProcessor.js
FN:2,maskEmail
FN:15,reverseWords
FN:21,extractHashtags
FNF:3
FNH:3
FNDA:5,maskEmail
FNDA:5,reverseWords
FNDA:4,extractHashtags
DA:3,5
DA:4,2
DA:6,3
DA:7,3
DA:8,1
DA:10,2
DA:11,2
DA:16,5
DA:17,3
DA:22,4
DA:23,4
DA:26,1
LF:12
LH:12
BRDA:3,0,0,2
BRDA:3,0,1,3
BRDA:7,1,0,1
BRDA:7,1,1,2
BRDA:16,2,0,2
BRDA:16,2,1,3
BRDA:23,3,0,2
BRDA:23,3,1,2
BRF:8
BRH:8
end_of_record
TN:
SF:src\taskManager.js
FN:2,(anonymous_0)
FN:7,(anonymous_1)
FN:21,(anonymous_2)
FN:22,(anonymous_3)
FN:27,(anonymous_4)
FN:28,(anonymous_5)
FN:33,(anonymous_6)
FN:34,(anonymous_7)
FN:37,(anonymous_8)
FN:38,(anonymous_9)
FN:41,(anonymous_10)
FNF:11
FNH:11
FNDA:16,(anonymous_0)
FNDA:18,(anonymous_1)
FNDA:7,(anonymous_2)
FNDA:7,(anonymous_3)
FNDA:2,(anonymous_4)
FNDA:1,(anonymous_5)
FNDA:2,(anonymous_6)
FNDA:3,(anonymous_7)
FNDA:2,(anonymous_8)
FNDA:3,(anonymous_9)
FNDA:6,(anonymous_10)
DA:3,16
DA:4,16
DA:8,18
DA:9,2
DA:11,16
DA:17,16
DA:18,16
DA:22,7
DA:23,7
DA:24,6
DA:28,2
DA:29,2
DA:30,1
DA:34,3
DA:38,3
DA:42,6
DA:46,1
LF:17
LH:17
BRDA:8,0,0,2
BRDA:8,0,1,16
BRDA:8,1,0,18
BRDA:8,1,1,17
BRDA:23,2,0,1
BRDA:23,2,1,6
BRDA:29,3,0,1
BRDA:29,3,1,1
BRF:8
BRH:8
end_of_record
TN:
SF:src\textBasics.js
FN:2,capitalize
FN:9,countOccurrences
FNF:2
FNH:2
FNDA:5,capitalize
FNDA:3,countOccurrences
DA:3,5
DA:4,4
DA:5,2
DA:10,3
DA:11,2
DA:12,2
DA:13,2
DA:14,3
DA:15,3
DA:17,2
DA:20,1
LF:11
LH:11
BRDA:3,0,0,1
BRDA:3,0,1,4
BRDA:4,1,0,2
BRDA:4,1,1,2
BRDA:10,2,0,1
BRDA:10,2,1,2
BRF:6
BRH:6
end_of_record
TN:
SF:src\userService.js
FN:2,(anonymous_0)
FN:6,(anonymous_1)
FN:13,(anonymous_2)
FN:15,(anonymous_3)
FNF:4
FNH:4
FNDA:4,(anonymous_0)
FNDA:3,(anonymous_1)
FNDA:1,(anonymous_2)
FNDA:3,(anonymous_3)
DA:3,4
DA:7,3
DA:8,2
DA:9,2
DA:10,1
DA:14,1
DA:15,3
DA:19,1
LF:8
LH:8
BRDA:7,0,0,1
BRDA:7,0,1,2
BRDA:9,1,0,1
BRDA:9,1,1,1
BRF:4
BRH:4
end_of_record
